Picked up JAVA_TOOL_OPTIONS: -Xmx12G
[INFO] Scanning for projects...
[INFO]                                                                         
[INFO] ------------------------------------------------------------------------
[INFO] Building FOX 2.3.0
[INFO] ------------------------------------------------------------------------
[WARNING] The POM for ca.uottawa:balie:jar:1.81.0 is missing, no dependency information available
[INFO] 
[INFO] --- maven-clean-plugin:2.5:clean (default-clean) @ fox ---
[INFO] 
[INFO] --- maven-resources-plugin:2.3:resources (default-resources) @ fox ---
[INFO] Using 'UTF-8' encoding to copy filtered resources.
[INFO] Copying 1 resource
[INFO] Copying 5 resources
[INFO] 
[INFO] --- maven-compiler-plugin:3.1:compile (default-compile) @ fox ---
[INFO] Changes detected - recompiling the module!
[INFO] Compiling 128 source files to /media/rspeck/store/GitRepos/FOX/release/classes
[WARNING] /media/rspeck/store/GitRepos/FOX/src/main/java/org/aksw/fox/tools/ke/Yahooapis.java: /media/rspeck/store/GitRepos/FOX/src/main/java/org/aksw/fox/tools/ke/Yahooapis.java uses or overrides a deprecated API.
[WARNING] /media/rspeck/store/GitRepos/FOX/src/main/java/org/aksw/fox/tools/ke/Yahooapis.java: Recompile with -Xlint:deprecation for details.
[INFO] 
[INFO] >>> maven-javadoc-plugin:2.9:javadoc (default-cli) @ fox >>>
[INFO] 
[INFO] <<< maven-javadoc-plugin:2.9:javadoc (default-cli) @ fox <<<
[INFO] 
[INFO] --- maven-javadoc-plugin:2.9:javadoc (default-cli) @ fox ---
[INFO] 
Loading source files for package ca.uottawa.balie...
Loading source files for package org.aksw.fox.nerlearner.classifier...
Loading source files for package org.aksw.fox.nerlearner...
Loading source files for package org.aksw.fox.nerlearner.reader...
Loading source files for package org.aksw.fox...
Loading source files for package org.aksw.fox.ui...
Loading source files for package org.aksw.fox.web...
Loading source files for package org.aksw.fox.web.feedback...
Loading source files for package org.aksw.fox.data...
Loading source files for package org.aksw.fox.data.exception...
Loading source files for package org.aksw.fox.tools...
Loading source files for package org.aksw.fox.tools.re.fr...
Loading source files for package org.aksw.fox.tools.re...
Loading source files for package org.aksw.fox.tools.re.de...
Loading source files for package org.aksw.fox.tools.re.en...
Loading source files for package org.aksw.fox.tools.re.common.boa...
Loading source files for package org.aksw.fox.tools.ke...
Loading source files for package org.aksw.fox.tools.ner...
Loading source files for package org.aksw.fox.tools.ner.nl...
Loading source files for package org.aksw.fox.tools.ner.fr...
Loading source files for package org.aksw.fox.tools.ner.es...
Loading source files for package org.aksw.fox.tools.ner.de...
Loading source files for package org.aksw.fox.tools.ner.en...
Loading source files for package org.aksw.fox.tools.ner.it...
Loading source files for package org.aksw.fox.tools.ner.linking...
Loading source files for package org.aksw.fox.tools.ner.linking.de...
Loading source files for package org.aksw.fox.tools.ner.linking.en...
Loading source files for package org.aksw.fox.tools.ner.linking.common...
Loading source files for package org.aksw.fox.tools.ner.common...
Loading source files for package org.aksw.fox.utils...
Loading source files for package org.aksw.fox.utils.tweets...
Loading source files for package org.aksw.fox.utils.evaluation.entitiyBased...
Loading source files for package org.aksw.fox.utils.evaluation...
Loading source files for package org.aksw.fox.evaluation...
Loading source files for package org.aksw.fox.output...
Constructing Javadoc information...
UmlGraphDoc version R5_6, running the standard doclet
Standard Doclet version 1.8.0_131
Building tree for all the packages and classes...
Generating /media/rspeck/store/GitRepos/FOX/release/demo/doc/ca/uottawa/balie/NamedEntityRecognitionNerfEXT.html...
Generating /media/rspeck/store/GitRepos/FOX/release/demo/doc/org/aksw/fox/nerlearner/classifier/ClassVoteClassifier.html...
Generating /media/rspeck/store/GitRepos/FOX/release/demo/doc/org/aksw/fox/nerlearner/classifier/FoxVote.html...
Generating /media/rspeck/store/GitRepos/FOX/release/demo/doc/org/aksw/fox/nerlearner/classifier/ResultVoteClassifier.html...
Generating /media/rspeck/store/GitRepos/FOX/release/demo/doc/org/aksw/fox/nerlearner/FoxClassifier.html...
Generating /media/rspeck/store/GitRepos/FOX/release/demo/doc/org/aksw/fox/nerlearner/FoxClassifierFactory.html...
Generating /media/rspeck/store/GitRepos/FOX/release/demo/doc/org/aksw/fox/nerlearner/IPostProcessing.html...
Generating /media/rspeck/store/GitRepos/FOX/release/demo/doc/org/aksw/fox/nerlearner/PostProcessing.html...
Generating /media/rspeck/store/GitRepos/FOX/release/demo/doc/org/aksw/fox/nerlearner/reader/ANERReader.html...
Generating /media/rspeck/store/GitRepos/FOX/release/demo/doc/org/aksw/fox/nerlearner/reader/BioCorpora.html...
Generating /media/rspeck/store/GitRepos/FOX/release/demo/doc/org/aksw/fox/nerlearner/reader/Conll2002.html...
Generating /media/rspeck/store/GitRepos/FOX/release/demo/doc/org/aksw/fox/nerlearner/reader/FoxInstances.html...
Generating /media/rspeck/store/GitRepos/FOX/release/demo/doc/org/aksw/fox/nerlearner/reader/GermanNERCorpus.html...
Generating /media/rspeck/store/GitRepos/FOX/release/demo/doc/org/aksw/fox/nerlearner/reader/INERReader.html...
Generating /media/rspeck/store/GitRepos/FOX/release/demo/doc/org/aksw/fox/nerlearner/reader/NEEL2014Reader.html...
Generating /media/rspeck/store/GitRepos/FOX/release/demo/doc/org/aksw/fox/nerlearner/reader/NERReaderFactory.html...
Generating /media/rspeck/store/GitRepos/FOX/release/demo/doc/org/aksw/fox/nerlearner/reader/TrainingInputReader.html...
Generating /media/rspeck/store/GitRepos/FOX/release/demo/doc/org/aksw/fox/nerlearner/reader/WikinerReader.html...
Generating /media/rspeck/store/GitRepos/FOX/release/demo/doc/org/aksw/fox/Example.html...
Generating /media/rspeck/store/GitRepos/FOX/release/demo/doc/org/aksw/fox/Fox.html...
Generating /media/rspeck/store/GitRepos/FOX/release/demo/doc/org/aksw/fox/FoxParameter.html...
Generating /media/rspeck/store/GitRepos/FOX/release/demo/doc/org/aksw/fox/FoxParameter.FoxLight.html...
Generating /media/rspeck/store/GitRepos/FOX/release/demo/doc/org/aksw/fox/FoxParameter.Langs.html...
Generating /media/rspeck/store/GitRepos/FOX/release/demo/doc/org/aksw/fox/FoxParameter.Linking.html...
Generating /media/rspeck/store/GitRepos/FOX/release/demo/doc/org/aksw/fox/FoxParameter.NIF.html...
Generating /media/rspeck/store/GitRepos/FOX/release/demo/doc/org/aksw/fox/FoxParameter.Output.html...
Generating /media/rspeck/store/GitRepos/FOX/release/demo/doc/org/aksw/fox/FoxParameter.Parameter.html...
Generating /media/rspeck/store/GitRepos/FOX/release/demo/doc/org/aksw/fox/FoxParameter.Task.html...
Generating /media/rspeck/store/GitRepos/FOX/release/demo/doc/org/aksw/fox/FoxParameter.Type.html...
Generating /media/rspeck/store/GitRepos/FOX/release/demo/doc/org/aksw/fox/IFox.html...
Generating /media/rspeck/store/GitRepos/FOX/release/demo/doc/org/aksw/fox/ui/FoxCLI.html...
Generating /media/rspeck/store/GitRepos/FOX/release/demo/doc/org/aksw/fox/ui/FoxRESTful.html...
Generating /media/rspeck/store/GitRepos/FOX/release/demo/doc/org/aksw/fox/web/AbstractFoxHttpHandler.html...
Generating /media/rspeck/store/GitRepos/FOX/release/demo/doc/org/aksw/fox/web/ApiResource.html...
Generating /media/rspeck/store/GitRepos/FOX/release/demo/doc/org/aksw/fox/web/ErrorPages.html...
Generating /media/rspeck/store/GitRepos/FOX/release/demo/doc/org/aksw/fox/web/FoxHttpHandler.html...
Generating /media/rspeck/store/GitRepos/FOX/release/demo/doc/org/aksw/fox/web/HttpServerProbeRequestMonitoring.html...
Generating /media/rspeck/store/GitRepos/FOX/release/demo/doc/org/aksw/fox/web/Pool.html...
Generating /media/rspeck/store/GitRepos/FOX/release/demo/doc/org/aksw/fox/web/Server.html...
Generating /media/rspeck/store/GitRepos/FOX/release/demo/doc/org/aksw/fox/web/feedback/FeedbackDB.html...
Generating /media/rspeck/store/GitRepos/FOX/release/demo/doc/org/aksw/fox/web/feedback/FeedbackHttpHandler.html...
Generating /media/rspeck/store/GitRepos/FOX/release/demo/doc/org/aksw/fox/web/feedback/FeedbackStore.html...
Generating /media/rspeck/store/GitRepos/FOX/release/demo/doc/org/aksw/fox/data/Entity.html...
Generating /media/rspeck/store/GitRepos/FOX/release/demo/doc/org/aksw/fox/data/EntityClassMap.html...
Generating /media/rspeck/store/GitRepos/FOX/release/demo/doc/org/aksw/fox/data/IData.html...
Generating /media/rspeck/store/GitRepos/FOX/release/demo/doc/org/aksw/fox/data/Keyword.html...
Generating /media/rspeck/store/GitRepos/FOX/release/demo/doc/org/aksw/fox/data/Relation.html...
Generating /media/rspeck/store/GitRepos/FOX/release/demo/doc/org/aksw/fox/data/TokenCategoryMatrix.html...
Generating /media/rspeck/store/GitRepos/FOX/release/demo/doc/org/aksw/fox/data/TokenManager.html...
Generating /media/rspeck/store/GitRepos/FOX/release/demo/doc/org/aksw/fox/data/exception/LoadingNotPossibleException.html...
Generating /media/rspeck/store/GitRepos/FOX/release/demo/doc/org/aksw/fox/data/exception/PortInUseException.html...
Generating /media/rspeck/store/GitRepos/FOX/release/demo/doc/org/aksw/fox/data/exception/UnsupportedLangException.html...
Generating /media/rspeck/store/GitRepos/FOX/release/demo/doc/org/aksw/fox/tools/ITool.html...
Generating /media/rspeck/store/GitRepos/FOX/release/demo/doc/org/aksw/fox/tools/Tools.html...
Generating /media/rspeck/store/GitRepos/FOX/release/demo/doc/org/aksw/fox/tools/ToolsGenerator.html...
Generating /media/rspeck/store/GitRepos/FOX/release/demo/doc/org/aksw/fox/tools/re/fr/BoaFR.html...
Generating /media/rspeck/store/GitRepos/FOX/release/demo/doc/org/aksw/fox/tools/re/AbstractRE.html...
Generating /media/rspeck/store/GitRepos/FOX/release/demo/doc/org/aksw/fox/tools/re/FoxRETools.html...
Generating /media/rspeck/store/GitRepos/FOX/release/demo/doc/org/aksw/fox/tools/re/IRE.html...
Generating /media/rspeck/store/GitRepos/FOX/release/demo/doc/org/aksw/fox/tools/re/de/BoaDE.html...
Generating /media/rspeck/store/GitRepos/FOX/release/demo/doc/org/aksw/fox/tools/re/en/BoaEN.html...
Generating /media/rspeck/store/GitRepos/FOX/release/demo/doc/org/aksw/fox/tools/re/en/REStanford.html...
Generating /media/rspeck/store/GitRepos/FOX/release/demo/doc/org/aksw/fox/tools/re/en/REStanford.StanfordRelations.html...
Generating /media/rspeck/store/GitRepos/FOX/release/demo/doc/org/aksw/fox/tools/re/common/boa/ABoaIndex.html...
Generating /media/rspeck/store/GitRepos/FOX/release/demo/doc/org/aksw/fox/tools/re/common/boa/BoaEnum.html...
Generating /media/rspeck/store/GitRepos/FOX/release/demo/doc/org/aksw/fox/tools/re/common/boa/BoaPattern.html...
Generating /media/rspeck/store/GitRepos/FOX/release/demo/doc/org/aksw/fox/tools/ke/AbstractKE.html...
Generating /media/rspeck/store/GitRepos/FOX/release/demo/doc/org/aksw/fox/tools/ke/IKE.html...
Generating /media/rspeck/store/GitRepos/FOX/release/demo/doc/org/aksw/fox/tools/ke/Maui.html...
Generating /media/rspeck/store/GitRepos/FOX/release/demo/doc/org/aksw/fox/tools/ke/Yahooapis.html...
Generating /media/rspeck/store/GitRepos/FOX/release/demo/doc/org/aksw/fox/tools/ner/AbstractNER.html...
Generating /media/rspeck/store/GitRepos/FOX/release/demo/doc/org/aksw/fox/tools/ner/INER.html...
Generating /media/rspeck/store/GitRepos/FOX/release/demo/doc/org/aksw/fox/tools/ner/nl/OpenNLPNL.html...
Generating /media/rspeck/store/GitRepos/FOX/release/demo/doc/org/aksw/fox/tools/ner/nl/SpotlightNL.html...
Generating /media/rspeck/store/GitRepos/FOX/release/demo/doc/org/aksw/fox/tools/ner/fr/BalieFR.html...
Generating /media/rspeck/store/GitRepos/FOX/release/demo/doc/org/aksw/fox/tools/ner/fr/NercFR.html...
Generating /media/rspeck/store/GitRepos/FOX/release/demo/doc/org/aksw/fox/tools/ner/fr/NerdMLFR.html...
Generating /media/rspeck/store/GitRepos/FOX/release/demo/doc/org/aksw/fox/tools/ner/fr/OpenNLPFR.html...
Generating /media/rspeck/store/GitRepos/FOX/release/demo/doc/org/aksw/fox/tools/ner/fr/SpotlightFR.html...
Generating /media/rspeck/store/GitRepos/FOX/release/demo/doc/org/aksw/fox/tools/ner/es/BalieES.html...
Generating /media/rspeck/store/GitRepos/FOX/release/demo/doc/org/aksw/fox/tools/ner/es/OpenNLPES.html...
Generating /media/rspeck/store/GitRepos/FOX/release/demo/doc/org/aksw/fox/tools/ner/es/SpotlightES.html...
Generating /media/rspeck/store/GitRepos/FOX/release/demo/doc/org/aksw/fox/tools/ner/es/StanfordES.html...
Generating /media/rspeck/store/GitRepos/FOX/release/demo/doc/org/aksw/fox/tools/ner/de/BalieDE.html...
Generating /media/rspeck/store/GitRepos/FOX/release/demo/doc/org/aksw/fox/tools/ner/de/SpotlightDE.html...
Generating /media/rspeck/store/GitRepos/FOX/release/demo/doc/org/aksw/fox/tools/ner/de/StanfordDE.html...
Generating /media/rspeck/store/GitRepos/FOX/release/demo/doc/org/aksw/fox/tools/ner/en/AlchemyEN.html...
Generating /media/rspeck/store/GitRepos/FOX/release/demo/doc/org/aksw/fox/tools/ner/en/BalieEN.html...
Generating /media/rspeck/store/GitRepos/FOX/release/demo/doc/org/aksw/fox/tools/ner/en/IllinoisExtendedEN.html...
Generating /media/rspeck/store/GitRepos/FOX/release/demo/doc/org/aksw/fox/tools/ner/en/NerdMLEN.html...
Generating /media/rspeck/store/GitRepos/FOX/release/demo/doc/org/aksw/fox/tools/ner/en/OpenNLPEN.html...
Generating /media/rspeck/store/GitRepos/FOX/release/demo/doc/org/aksw/fox/tools/ner/en/SpotlightEN.html...
Generating /media/rspeck/store/GitRepos/FOX/release/demo/doc/org/aksw/fox/tools/ner/en/StanfordEN.html...
Generating /media/rspeck/store/GitRepos/FOX/release/demo/doc/org/aksw/fox/tools/ner/en/StanfordENOldVersion.html...
Generating /media/rspeck/store/GitRepos/FOX/release/demo/doc/org/aksw/fox/tools/ner/en/TagMeEN.html...
Generating /media/rspeck/store/GitRepos/FOX/release/demo/doc/org/aksw/fox/tools/ner/it/SpotlightIT.html...
Generating /media/rspeck/store/GitRepos/FOX/release/demo/doc/org/aksw/fox/tools/ner/it/TagMeIT.html...
Generating /media/rspeck/store/GitRepos/FOX/release/demo/doc/org/aksw/fox/tools/ner/it/TextProIT.html...
Generating /media/rspeck/store/GitRepos/FOX/release/demo/doc/org/aksw/fox/tools/ner/linking/AbstractLinking.html...
Generating /media/rspeck/store/GitRepos/FOX/release/demo/doc/org/aksw/fox/tools/ner/linking/DirectLinking.html...
Generating /media/rspeck/store/GitRepos/FOX/release/demo/doc/org/aksw/fox/tools/ner/linking/ILinking.html...
Generating /media/rspeck/store/GitRepos/FOX/release/demo/doc/org/aksw/fox/tools/ner/linking/NoLinking.html...
Generating /media/rspeck/store/GitRepos/FOX/release/demo/doc/org/aksw/fox/tools/ner/linking/de/AgdistisDE.html...
Generating /media/rspeck/store/GitRepos/FOX/release/demo/doc/org/aksw/fox/tools/ner/linking/en/AgdistisEN.html...
Generating /media/rspeck/store/GitRepos/FOX/release/demo/doc/org/aksw/fox/tools/ner/linking/common/Agdistis.html...
Generating /media/rspeck/store/GitRepos/FOX/release/demo/doc/org/aksw/fox/tools/ner/common/AlchemyCommon.html...
Generating /media/rspeck/store/GitRepos/FOX/release/demo/doc/org/aksw/fox/tools/ner/common/BalieCommon.html...
Generating /media/rspeck/store/GitRepos/FOX/release/demo/doc/org/aksw/fox/tools/ner/common/OpenNLPCommon.html...
Generating /media/rspeck/store/GitRepos/FOX/release/demo/doc/org/aksw/fox/tools/ner/common/SpotlightCommon.html...
Generating /media/rspeck/store/GitRepos/FOX/release/demo/doc/org/aksw/fox/tools/ner/common/StanfordCommon.html...
Generating /media/rspeck/store/GitRepos/FOX/release/demo/doc/org/aksw/fox/tools/ner/common/TagMeCommon.html...
Generating /media/rspeck/store/GitRepos/FOX/release/demo/doc/org/aksw/fox/tools/ner/common/WikipediaCategories.html...
Generating /media/rspeck/store/GitRepos/FOX/release/demo/doc/org/aksw/fox/utils/CfgManager.html...
Generating /media/rspeck/store/GitRepos/FOX/release/demo/doc/org/aksw/fox/utils/Converter.html...
Generating /media/rspeck/store/GitRepos/FOX/release/demo/doc/org/aksw/fox/utils/DataTestFactory.html...
Generating /media/rspeck/store/GitRepos/FOX/release/demo/doc/org/aksw/fox/utils/FileUtil.html...
Generating /media/rspeck/store/GitRepos/FOX/release/demo/doc/org/aksw/fox/utils/FoxCfg.html...
Generating /media/rspeck/store/GitRepos/FOX/release/demo/doc/org/aksw/fox/utils/FoxConst.html...
Generating /media/rspeck/store/GitRepos/FOX/release/demo/doc/org/aksw/fox/utils/FoxLanguageDetector.html...
Generating /media/rspeck/store/GitRepos/FOX/release/demo/doc/org/aksw/fox/utils/FoxServerUtil.html...
Generating /media/rspeck/store/GitRepos/FOX/release/demo/doc/org/aksw/fox/utils/FoxStringUtil.html...
Generating /media/rspeck/store/GitRepos/FOX/release/demo/doc/org/aksw/fox/utils/FoxTextUtil.html...
Generating /media/rspeck/store/GitRepos/FOX/release/demo/doc/org/aksw/fox/utils/FoxWebLog.html...
Generating /media/rspeck/store/GitRepos/FOX/release/demo/doc/org/aksw/fox/utils/tweets/Preprocessor.html...
Generating /media/rspeck/store/GitRepos/FOX/release/demo/doc/org/aksw/fox/utils/evaluation/entitiyBased/DetailCSV.html...
Generating /media/rspeck/store/GitRepos/FOX/release/demo/doc/org/aksw/fox/utils/evaluation/entitiyBased/TotalCSV.html...
Generating /media/rspeck/store/GitRepos/FOX/release/demo/doc/org/aksw/fox/utils/evaluation/FoxEvaluationHelper.html...
Generating /media/rspeck/store/GitRepos/FOX/release/demo/doc/org/aksw/fox/utils/evaluation/FoxEvaluationTestHelper.html...
Generating /media/rspeck/store/GitRepos/FOX/release/demo/doc/org/aksw/fox/utils/evaluation/MeanOverAll.html...
Generating /media/rspeck/store/GitRepos/FOX/release/demo/doc/org/aksw/fox/evaluation/CrossValidation.html...
Generating /media/rspeck/store/GitRepos/FOX/release/demo/doc/org/aksw/fox/output/AFoxJenaNew.html...
Generating /media/rspeck/store/GitRepos/FOX/release/demo/doc/org/aksw/fox/output/CreateOnto.html...
Generating /media/rspeck/store/GitRepos/FOX/release/demo/doc/org/aksw/fox/output/FoxJena.html...
Generating /media/rspeck/store/GitRepos/FOX/release/demo/doc/org/aksw/fox/output/FoxJenaNew.html...
Generating /media/rspeck/store/GitRepos/FOX/release/demo/doc/org/aksw/fox/output/IFoxJena.html...
Generating /media/rspeck/store/GitRepos/FOX/release/demo/doc/overview-frame.html...
Generating /media/rspeck/store/GitRepos/FOX/release/demo/doc/ca/uottawa/balie/package-frame.html...
Generating /media/rspeck/store/GitRepos/FOX/release/demo/doc/ca/uottawa/balie/package-summary.html...
Generating /media/rspeck/store/GitRepos/FOX/release/demo/doc/ca/uottawa/balie/package-tree.html...
Generating /media/rspeck/store/GitRepos/FOX/release/demo/doc/org/aksw/fox/package-frame.html...
Generating /media/rspeck/store/GitRepos/FOX/release/demo/doc/org/aksw/fox/package-summary.html...
Generating /media/rspeck/store/GitRepos/FOX/release/demo/doc/org/aksw/fox/package-tree.html...
Generating /media/rspeck/store/GitRepos/FOX/release/demo/doc/org/aksw/fox/data/package-frame.html...
Generating /media/rspeck/store/GitRepos/FOX/release/demo/doc/org/aksw/fox/data/package-summary.html...
Generating /media/rspeck/store/GitRepos/FOX/release/demo/doc/org/aksw/fox/data/package-tree.html...
Generating /media/rspeck/store/GitRepos/FOX/release/demo/doc/org/aksw/fox/data/exception/package-frame.html...
Generating /media/rspeck/store/GitRepos/FOX/release/demo/doc/org/aksw/fox/data/exception/package-summary.html...
Generating /media/rspeck/store/GitRepos/FOX/release/demo/doc/org/aksw/fox/data/exception/package-tree.html...
Generating /media/rspeck/store/GitRepos/FOX/release/demo/doc/org/aksw/fox/evaluation/package-frame.html...
Generating /media/rspeck/store/GitRepos/FOX/release/demo/doc/org/aksw/fox/evaluation/package-summary.html...
Generating /media/rspeck/store/GitRepos/FOX/release/demo/doc/org/aksw/fox/evaluation/package-tree.html...
Generating /media/rspeck/store/GitRepos/FOX/release/demo/doc/org/aksw/fox/nerlearner/package-frame.html...
Generating /media/rspeck/store/GitRepos/FOX/release/demo/doc/org/aksw/fox/nerlearner/package-summary.html...
Generating /media/rspeck/store/GitRepos/FOX/release/demo/doc/org/aksw/fox/nerlearner/package-tree.html...
Generating /media/rspeck/store/GitRepos/FOX/release/demo/doc/org/aksw/fox/nerlearner/classifier/package-frame.html...
Generating /media/rspeck/store/GitRepos/FOX/release/demo/doc/org/aksw/fox/nerlearner/classifier/package-summary.html...
Generating /media/rspeck/store/GitRepos/FOX/release/demo/doc/org/aksw/fox/nerlearner/classifier/package-tree.html...
Generating /media/rspeck/store/GitRepos/FOX/release/demo/doc/org/aksw/fox/nerlearner/reader/package-frame.html...
Generating /media/rspeck/store/GitRepos/FOX/release/demo/doc/org/aksw/fox/nerlearner/reader/package-summary.html...
Generating /media/rspeck/store/GitRepos/FOX/release/demo/doc/org/aksw/fox/nerlearner/reader/package-tree.html...
Generating /media/rspeck/store/GitRepos/FOX/release/demo/doc/org/aksw/fox/output/package-frame.html...
Generating /media/rspeck/store/GitRepos/FOX/release/demo/doc/org/aksw/fox/output/package-summary.html...
Generating /media/rspeck/store/GitRepos/FOX/release/demo/doc/org/aksw/fox/output/package-tree.html...
Generating /media/rspeck/store/GitRepos/FOX/release/demo/doc/org/aksw/fox/tools/package-frame.html...
Generating /media/rspeck/store/GitRepos/FOX/release/demo/doc/org/aksw/fox/tools/package-summary.html...
Generating /media/rspeck/store/GitRepos/FOX/release/demo/doc/org/aksw/fox/tools/package-tree.html...
Generating /media/rspeck/store/GitRepos/FOX/release/demo/doc/org/aksw/fox/tools/ke/package-frame.html...
Generating /media/rspeck/store/GitRepos/FOX/release/demo/doc/org/aksw/fox/tools/ke/package-summary.html...
Generating /media/rspeck/store/GitRepos/FOX/release/demo/doc/org/aksw/fox/tools/ke/package-tree.html...
Generating /media/rspeck/store/GitRepos/FOX/release/demo/doc/org/aksw/fox/tools/ner/package-frame.html...
Generating /media/rspeck/store/GitRepos/FOX/release/demo/doc/org/aksw/fox/tools/ner/package-summary.html...
Generating /media/rspeck/store/GitRepos/FOX/release/demo/doc/org/aksw/fox/tools/ner/package-tree.html...
Generating /media/rspeck/store/GitRepos/FOX/release/demo/doc/org/aksw/fox/tools/ner/common/package-frame.html...
Generating /media/rspeck/store/GitRepos/FOX/release/demo/doc/org/aksw/fox/tools/ner/common/package-summary.html...
Generating /media/rspeck/store/GitRepos/FOX/release/demo/doc/org/aksw/fox/tools/ner/common/package-tree.html...
Generating /media/rspeck/store/GitRepos/FOX/release/demo/doc/org/aksw/fox/tools/ner/de/package-frame.html...
Generating /media/rspeck/store/GitRepos/FOX/release/demo/doc/org/aksw/fox/tools/ner/de/package-summary.html...
Generating /media/rspeck/store/GitRepos/FOX/release/demo/doc/org/aksw/fox/tools/ner/de/package-tree.html...
Generating /media/rspeck/store/GitRepos/FOX/release/demo/doc/org/aksw/fox/tools/ner/en/package-frame.html...
Generating /media/rspeck/store/GitRepos/FOX/release/demo/doc/org/aksw/fox/tools/ner/en/package-summary.html...
Generating /media/rspeck/store/GitRepos/FOX/release/demo/doc/org/aksw/fox/tools/ner/en/package-tree.html...
Generating /media/rspeck/store/GitRepos/FOX/release/demo/doc/org/aksw/fox/tools/ner/es/package-frame.html...
Generating /media/rspeck/store/GitRepos/FOX/release/demo/doc/org/aksw/fox/tools/ner/es/package-summary.html...
Generating /media/rspeck/store/GitRepos/FOX/release/demo/doc/org/aksw/fox/tools/ner/es/package-tree.html...
Generating /media/rspeck/store/GitRepos/FOX/release/demo/doc/org/aksw/fox/tools/ner/fr/package-frame.html...
Generating /media/rspeck/store/GitRepos/FOX/release/demo/doc/org/aksw/fox/tools/ner/fr/package-summary.html...
Generating /media/rspeck/store/GitRepos/FOX/release/demo/doc/org/aksw/fox/tools/ner/fr/package-tree.html...
Generating /media/rspeck/store/GitRepos/FOX/release/demo/doc/org/aksw/fox/tools/ner/it/package-frame.html...
Generating /media/rspeck/store/GitRepos/FOX/release/demo/doc/org/aksw/fox/tools/ner/it/package-summary.html...
Generating /media/rspeck/store/GitRepos/FOX/release/demo/doc/org/aksw/fox/tools/ner/it/package-tree.html...
Generating /media/rspeck/store/GitRepos/FOX/release/demo/doc/org/aksw/fox/tools/ner/linking/package-frame.html...
Generating /media/rspeck/store/GitRepos/FOX/release/demo/doc/org/aksw/fox/tools/ner/linking/package-summary.html...
Generating /media/rspeck/store/GitRepos/FOX/release/demo/doc/org/aksw/fox/tools/ner/linking/package-tree.html...
Generating /media/rspeck/store/GitRepos/FOX/release/demo/doc/org/aksw/fox/tools/ner/linking/common/package-frame.html...
Generating /media/rspeck/store/GitRepos/FOX/release/demo/doc/org/aksw/fox/tools/ner/linking/common/package-summary.html...
Generating /media/rspeck/store/GitRepos/FOX/release/demo/doc/org/aksw/fox/tools/ner/linking/common/package-tree.html...
Generating /media/rspeck/store/GitRepos/FOX/release/demo/doc/org/aksw/fox/tools/ner/linking/de/package-frame.html...
Generating /media/rspeck/store/GitRepos/FOX/release/demo/doc/org/aksw/fox/tools/ner/linking/de/package-summary.html...
Generating /media/rspeck/store/GitRepos/FOX/release/demo/doc/org/aksw/fox/tools/ner/linking/de/package-tree.html...
Generating /media/rspeck/store/GitRepos/FOX/release/demo/doc/org/aksw/fox/tools/ner/linking/en/package-frame.html...
Generating /media/rspeck/store/GitRepos/FOX/release/demo/doc/org/aksw/fox/tools/ner/linking/en/package-summary.html...
Generating /media/rspeck/store/GitRepos/FOX/release/demo/doc/org/aksw/fox/tools/ner/linking/en/package-tree.html...
Generating /media/rspeck/store/GitRepos/FOX/release/demo/doc/org/aksw/fox/tools/ner/nl/package-frame.html...
Generating /media/rspeck/store/GitRepos/FOX/release/demo/doc/org/aksw/fox/tools/ner/nl/package-summary.html...
Generating /media/rspeck/store/GitRepos/FOX/release/demo/doc/org/aksw/fox/tools/ner/nl/package-tree.html...
Generating /media/rspeck/store/GitRepos/FOX/release/demo/doc/org/aksw/fox/tools/re/package-frame.html...
Generating /media/rspeck/store/GitRepos/FOX/release/demo/doc/org/aksw/fox/tools/re/package-summary.html...
Generating /media/rspeck/store/GitRepos/FOX/release/demo/doc/org/aksw/fox/tools/re/package-tree.html...
Generating /media/rspeck/store/GitRepos/FOX/release/demo/doc/org/aksw/fox/tools/re/common/boa/package-frame.html...
Generating /media/rspeck/store/GitRepos/FOX/release/demo/doc/org/aksw/fox/tools/re/common/boa/package-summary.html...
Generating /media/rspeck/store/GitRepos/FOX/release/demo/doc/org/aksw/fox/tools/re/common/boa/package-tree.html...
Generating /media/rspeck/store/GitRepos/FOX/release/demo/doc/org/aksw/fox/tools/re/de/package-frame.html...
Generating /media/rspeck/store/GitRepos/FOX/release/demo/doc/org/aksw/fox/tools/re/de/package-summary.html...
Generating /media/rspeck/store/GitRepos/FOX/release/demo/doc/org/aksw/fox/tools/re/de/package-tree.html...
Generating /media/rspeck/store/GitRepos/FOX/release/demo/doc/org/aksw/fox/tools/re/en/package-frame.html...
Generating /media/rspeck/store/GitRepos/FOX/release/demo/doc/org/aksw/fox/tools/re/en/package-summary.html...
Generating /media/rspeck/store/GitRepos/FOX/release/demo/doc/org/aksw/fox/tools/re/en/package-tree.html...
Generating /media/rspeck/store/GitRepos/FOX/release/demo/doc/org/aksw/fox/tools/re/fr/package-frame.html...
Generating /media/rspeck/store/GitRepos/FOX/release/demo/doc/org/aksw/fox/tools/re/fr/package-summary.html...
Generating /media/rspeck/store/GitRepos/FOX/release/demo/doc/org/aksw/fox/tools/re/fr/package-tree.html...
Generating /media/rspeck/store/GitRepos/FOX/release/demo/doc/org/aksw/fox/ui/package-frame.html...
Generating /media/rspeck/store/GitRepos/FOX/release/demo/doc/org/aksw/fox/ui/package-summary.html...
Generating /media/rspeck/store/GitRepos/FOX/release/demo/doc/org/aksw/fox/ui/package-tree.html...
Generating /media/rspeck/store/GitRepos/FOX/release/demo/doc/org/aksw/fox/utils/package-frame.html...
Generating /media/rspeck/store/GitRepos/FOX/release/demo/doc/org/aksw/fox/utils/package-summary.html...
Generating /media/rspeck/store/GitRepos/FOX/release/demo/doc/org/aksw/fox/utils/package-tree.html...
Generating /media/rspeck/store/GitRepos/FOX/release/demo/doc/org/aksw/fox/utils/evaluation/package-frame.html...
Generating /media/rspeck/store/GitRepos/FOX/release/demo/doc/org/aksw/fox/utils/evaluation/package-summary.html...
Generating /media/rspeck/store/GitRepos/FOX/release/demo/doc/org/aksw/fox/utils/evaluation/package-tree.html...
Generating /media/rspeck/store/GitRepos/FOX/release/demo/doc/org/aksw/fox/utils/evaluation/entitiyBased/package-frame.html...
Generating /media/rspeck/store/GitRepos/FOX/release/demo/doc/org/aksw/fox/utils/evaluation/entitiyBased/package-summary.html...
Generating /media/rspeck/store/GitRepos/FOX/release/demo/doc/org/aksw/fox/utils/evaluation/entitiyBased/package-tree.html...
Generating /media/rspeck/store/GitRepos/FOX/release/demo/doc/org/aksw/fox/utils/tweets/package-frame.html...
Generating /media/rspeck/store/GitRepos/FOX/release/demo/doc/org/aksw/fox/utils/tweets/package-summary.html...
Generating /media/rspeck/store/GitRepos/FOX/release/demo/doc/org/aksw/fox/utils/tweets/package-tree.html...
Generating /media/rspeck/store/GitRepos/FOX/release/demo/doc/org/aksw/fox/web/package-frame.html...
Generating /media/rspeck/store/GitRepos/FOX/release/demo/doc/org/aksw/fox/web/package-summary.html...
Generating /media/rspeck/store/GitRepos/FOX/release/demo/doc/org/aksw/fox/web/package-tree.html...
Generating /media/rspeck/store/GitRepos/FOX/release/demo/doc/org/aksw/fox/web/feedback/package-frame.html...
Generating /media/rspeck/store/GitRepos/FOX/release/demo/doc/org/aksw/fox/web/feedback/package-summary.html...
Generating /media/rspeck/store/GitRepos/FOX/release/demo/doc/org/aksw/fox/web/feedback/package-tree.html...
Generating /media/rspeck/store/GitRepos/FOX/release/demo/doc/constant-values.html...
Generating /media/rspeck/store/GitRepos/FOX/release/demo/doc/serialized-form.html...
Generating /media/rspeck/store/GitRepos/FOX/release/demo/doc/ca/uottawa/balie/class-use/NamedEntityRecognitionNerfEXT.html...
Generating /media/rspeck/store/GitRepos/FOX/release/demo/doc/org/aksw/fox/nerlearner/classifier/class-use/ResultVoteClassifier.html...
Generating /media/rspeck/store/GitRepos/FOX/release/demo/doc/org/aksw/fox/nerlearner/classifier/class-use/FoxVote.html...
Generating /media/rspeck/store/GitRepos/FOX/release/demo/doc/org/aksw/fox/nerlearner/classifier/class-use/ClassVoteClassifier.html...
Generating /media/rspeck/store/GitRepos/FOX/release/demo/doc/org/aksw/fox/nerlearner/class-use/FoxClassifierFactory.html...
Generating /media/rspeck/store/GitRepos/FOX/release/demo/doc/org/aksw/fox/nerlearner/class-use/PostProcessing.html...
Generating /media/rspeck/store/GitRepos/FOX/release/demo/doc/org/aksw/fox/nerlearner/class-use/IPostProcessing.html...
Generating /media/rspeck/store/GitRepos/FOX/release/demo/doc/org/aksw/fox/nerlearner/class-use/FoxClassifier.html...
Generating /media/rspeck/store/GitRepos/FOX/release/demo/doc/org/aksw/fox/nerlearner/reader/class-use/INERReader.html...
Generating /media/rspeck/store/GitRepos/FOX/release/demo/doc/org/aksw/fox/nerlearner/reader/class-use/NEEL2014Reader.html...
Generating /media/rspeck/store/GitRepos/FOX/release/demo/doc/org/aksw/fox/nerlearner/reader/class-use/TrainingInputReader.html...
Generating /media/rspeck/store/GitRepos/FOX/release/demo/doc/org/aksw/fox/nerlearner/reader/class-use/NERReaderFactory.html...
Generating /media/rspeck/store/GitRepos/FOX/release/demo/doc/org/aksw/fox/nerlearner/reader/class-use/BioCorpora.html...
Generating /media/rspeck/store/GitRepos/FOX/release/demo/doc/org/aksw/fox/nerlearner/reader/class-use/GermanNERCorpus.html...
Generating /media/rspeck/store/GitRepos/FOX/release/demo/doc/org/aksw/fox/nerlearner/reader/class-use/ANERReader.html...
Generating /media/rspeck/store/GitRepos/FOX/release/demo/doc/org/aksw/fox/nerlearner/reader/class-use/WikinerReader.html...
Generating /media/rspeck/store/GitRepos/FOX/release/demo/doc/org/aksw/fox/nerlearner/reader/class-use/FoxInstances.html...
Generating /media/rspeck/store/GitRepos/FOX/release/demo/doc/org/aksw/fox/nerlearner/reader/class-use/Conll2002.html...
Generating /media/rspeck/store/GitRepos/FOX/release/demo/doc/org/aksw/fox/class-use/Example.html...
Generating /media/rspeck/store/GitRepos/FOX/release/demo/doc/org/aksw/fox/class-use/FoxParameter.html...
Generating /media/rspeck/store/GitRepos/FOX/release/demo/doc/org/aksw/fox/class-use/FoxParameter.Parameter.html...
Generating /media/rspeck/store/GitRepos/FOX/release/demo/doc/org/aksw/fox/class-use/FoxParameter.Linking.html...
Generating /media/rspeck/store/GitRepos/FOX/release/demo/doc/org/aksw/fox/class-use/FoxParameter.Output.html...
Generating /media/rspeck/store/GitRepos/FOX/release/demo/doc/org/aksw/fox/class-use/FoxParameter.Type.html...
Generating /media/rspeck/store/GitRepos/FOX/release/demo/doc/org/aksw/fox/class-use/FoxParameter.Task.html...
Generating /media/rspeck/store/GitRepos/FOX/release/demo/doc/org/aksw/fox/class-use/FoxParameter.Langs.html...
Generating /media/rspeck/store/GitRepos/FOX/release/demo/doc/org/aksw/fox/class-use/FoxParameter.NIF.html...
Generating /media/rspeck/store/GitRepos/FOX/release/demo/doc/org/aksw/fox/class-use/FoxParameter.FoxLight.html...
Generating /media/rspeck/store/GitRepos/FOX/release/demo/doc/org/aksw/fox/class-use/IFox.html...
Generating /media/rspeck/store/GitRepos/FOX/release/demo/doc/org/aksw/fox/class-use/Fox.html...
Generating /media/rspeck/store/GitRepos/FOX/release/demo/doc/org/aksw/fox/ui/class-use/FoxRESTful.html...
Generating /media/rspeck/store/GitRepos/FOX/release/demo/doc/org/aksw/fox/ui/class-use/FoxCLI.html...
Generating /media/rspeck/store/GitRepos/FOX/release/demo/doc/org/aksw/fox/web/class-use/ApiResource.html...
Generating /media/rspeck/store/GitRepos/FOX/release/demo/doc/org/aksw/fox/web/class-use/ErrorPages.html...
Generating /media/rspeck/store/GitRepos/FOX/release/demo/doc/org/aksw/fox/web/class-use/HttpServerProbeRequestMonitoring.html...
Generating /media/rspeck/store/GitRepos/FOX/release/demo/doc/org/aksw/fox/web/class-use/Server.html...
Generating /media/rspeck/store/GitRepos/FOX/release/demo/doc/org/aksw/fox/web/class-use/FoxHttpHandler.html...
Generating /media/rspeck/store/GitRepos/FOX/release/demo/doc/org/aksw/fox/web/class-use/Pool.html...
Generating /media/rspeck/store/GitRepos/FOX/release/demo/doc/org/aksw/fox/web/class-use/AbstractFoxHttpHandler.html...
Generating /media/rspeck/store/GitRepos/FOX/release/demo/doc/org/aksw/fox/web/feedback/class-use/FeedbackHttpHandler.html...
Generating /media/rspeck/store/GitRepos/FOX/release/demo/doc/org/aksw/fox/web/feedback/class-use/FeedbackStore.html...
Generating /media/rspeck/store/GitRepos/FOX/release/demo/doc/org/aksw/fox/web/feedback/class-use/FeedbackDB.html...
Generating /media/rspeck/store/GitRepos/FOX/release/demo/doc/org/aksw/fox/data/class-use/Relation.html...
Generating /media/rspeck/store/GitRepos/FOX/release/demo/doc/org/aksw/fox/data/class-use/TokenCategoryMatrix.html...
Generating /media/rspeck/store/GitRepos/FOX/release/demo/doc/org/aksw/fox/data/class-use/EntityClassMap.html...
Generating /media/rspeck/store/GitRepos/FOX/release/demo/doc/org/aksw/fox/data/class-use/Keyword.html...
Generating /media/rspeck/store/GitRepos/FOX/release/demo/doc/org/aksw/fox/data/class-use/IData.html...
Generating /media/rspeck/store/GitRepos/FOX/release/demo/doc/org/aksw/fox/data/class-use/Entity.html...
Generating /media/rspeck/store/GitRepos/FOX/release/demo/doc/org/aksw/fox/data/class-use/TokenManager.html...
Generating /media/rspeck/store/GitRepos/FOX/release/demo/doc/org/aksw/fox/data/exception/class-use/PortInUseException.html...
Generating /media/rspeck/store/GitRepos/FOX/release/demo/doc/org/aksw/fox/data/exception/class-use/UnsupportedLangException.html...
Generating /media/rspeck/store/GitRepos/FOX/release/demo/doc/org/aksw/fox/data/exception/class-use/LoadingNotPossibleException.html...
Generating /media/rspeck/store/GitRepos/FOX/release/demo/doc/org/aksw/fox/tools/class-use/Tools.html...
Generating /media/rspeck/store/GitRepos/FOX/release/demo/doc/org/aksw/fox/tools/class-use/ITool.html...
Generating /media/rspeck/store/GitRepos/FOX/release/demo/doc/org/aksw/fox/tools/class-use/ToolsGenerator.html...
Generating /media/rspeck/store/GitRepos/FOX/release/demo/doc/org/aksw/fox/tools/re/fr/class-use/BoaFR.html...
Generating /media/rspeck/store/GitRepos/FOX/release/demo/doc/org/aksw/fox/tools/re/class-use/AbstractRE.html...
Generating /media/rspeck/store/GitRepos/FOX/release/demo/doc/org/aksw/fox/tools/re/class-use/IRE.html...
Generating /media/rspeck/store/GitRepos/FOX/release/demo/doc/org/aksw/fox/tools/re/class-use/FoxRETools.html...
Generating /media/rspeck/store/GitRepos/FOX/release/demo/doc/org/aksw/fox/tools/re/de/class-use/BoaDE.html...
Generating /media/rspeck/store/GitRepos/FOX/release/demo/doc/org/aksw/fox/tools/re/en/class-use/BoaEN.html...
Generating /media/rspeck/store/GitRepos/FOX/release/demo/doc/org/aksw/fox/tools/re/en/class-use/REStanford.html...
Generating /media/rspeck/store/GitRepos/FOX/release/demo/doc/org/aksw/fox/tools/re/en/class-use/REStanford.StanfordRelations.html...
Generating /media/rspeck/store/GitRepos/FOX/release/demo/doc/org/aksw/fox/tools/re/common/boa/class-use/ABoaIndex.html...
Generating /media/rspeck/store/GitRepos/FOX/release/demo/doc/org/aksw/fox/tools/re/common/boa/class-use/BoaPattern.html...
Generating /media/rspeck/store/GitRepos/FOX/release/demo/doc/org/aksw/fox/tools/re/common/boa/class-use/BoaEnum.html...
Generating /media/rspeck/store/GitRepos/FOX/release/demo/doc/org/aksw/fox/tools/ke/class-use/Maui.html...
Generating /media/rspeck/store/GitRepos/FOX/release/demo/doc/org/aksw/fox/tools/ke/class-use/IKE.html...
Generating /media/rspeck/store/GitRepos/FOX/release/demo/doc/org/aksw/fox/tools/ke/class-use/AbstractKE.html...
Generating /media/rspeck/store/GitRepos/FOX/release/demo/doc/org/aksw/fox/tools/ke/class-use/Yahooapis.html...
Generating /media/rspeck/store/GitRepos/FOX/release/demo/doc/org/aksw/fox/tools/ner/class-use/INER.html...
Generating /media/rspeck/store/GitRepos/FOX/release/demo/doc/org/aksw/fox/tools/ner/class-use/AbstractNER.html...
Generating /media/rspeck/store/GitRepos/FOX/release/demo/doc/org/aksw/fox/tools/ner/nl/class-use/SpotlightNL.html...
Generating /media/rspeck/store/GitRepos/FOX/release/demo/doc/org/aksw/fox/tools/ner/nl/class-use/OpenNLPNL.html...
Generating /media/rspeck/store/GitRepos/FOX/release/demo/doc/org/aksw/fox/tools/ner/fr/class-use/NerdMLFR.html...
Generating /media/rspeck/store/GitRepos/FOX/release/demo/doc/org/aksw/fox/tools/ner/fr/class-use/SpotlightFR.html...
Generating /media/rspeck/store/GitRepos/FOX/release/demo/doc/org/aksw/fox/tools/ner/fr/class-use/NercFR.html...
Generating /media/rspeck/store/GitRepos/FOX/release/demo/doc/org/aksw/fox/tools/ner/fr/class-use/BalieFR.html...
Generating /media/rspeck/store/GitRepos/FOX/release/demo/doc/org/aksw/fox/tools/ner/fr/class-use/OpenNLPFR.html...
Generating /media/rspeck/store/GitRepos/FOX/release/demo/doc/org/aksw/fox/tools/ner/es/class-use/SpotlightES.html...
Generating /media/rspeck/store/GitRepos/FOX/release/demo/doc/org/aksw/fox/tools/ner/es/class-use/OpenNLPES.html...
Generating /media/rspeck/store/GitRepos/FOX/release/demo/doc/org/aksw/fox/tools/ner/es/class-use/BalieES.html...
Generating /media/rspeck/store/GitRepos/FOX/release/demo/doc/org/aksw/fox/tools/ner/es/class-use/StanfordES.html...
Generating /media/rspeck/store/GitRepos/FOX/release/demo/doc/org/aksw/fox/tools/ner/de/class-use/SpotlightDE.html...
Generating /media/rspeck/store/GitRepos/FOX/release/demo/doc/org/aksw/fox/tools/ner/de/class-use/StanfordDE.html...
Generating /media/rspeck/store/GitRepos/FOX/release/demo/doc/org/aksw/fox/tools/ner/de/class-use/BalieDE.html...
Generating /media/rspeck/store/GitRepos/FOX/release/demo/doc/org/aksw/fox/tools/ner/en/class-use/SpotlightEN.html...
Generating /media/rspeck/store/GitRepos/FOX/release/demo/doc/org/aksw/fox/tools/ner/en/class-use/StanfordEN.html...
Generating /media/rspeck/store/GitRepos/FOX/release/demo/doc/org/aksw/fox/tools/ner/en/class-use/OpenNLPEN.html...
Generating /media/rspeck/store/GitRepos/FOX/release/demo/doc/org/aksw/fox/tools/ner/en/class-use/BalieEN.html...
Generating /media/rspeck/store/GitRepos/FOX/release/demo/doc/org/aksw/fox/tools/ner/en/class-use/IllinoisExtendedEN.html...
Generating /media/rspeck/store/GitRepos/FOX/release/demo/doc/org/aksw/fox/tools/ner/en/class-use/StanfordENOldVersion.html...
Generating /media/rspeck/store/GitRepos/FOX/release/demo/doc/org/aksw/fox/tools/ner/en/class-use/NerdMLEN.html...
Generating /media/rspeck/store/GitRepos/FOX/release/demo/doc/org/aksw/fox/tools/ner/en/class-use/TagMeEN.html...
Generating /media/rspeck/store/GitRepos/FOX/release/demo/doc/org/aksw/fox/tools/ner/en/class-use/AlchemyEN.html...
Generating /media/rspeck/store/GitRepos/FOX/release/demo/doc/org/aksw/fox/tools/ner/it/class-use/TagMeIT.html...
Generating /media/rspeck/store/GitRepos/FOX/release/demo/doc/org/aksw/fox/tools/ner/it/class-use/SpotlightIT.html...
Generating /media/rspeck/store/GitRepos/FOX/release/demo/doc/org/aksw/fox/tools/ner/it/class-use/TextProIT.html...
Generating /media/rspeck/store/GitRepos/FOX/release/demo/doc/org/aksw/fox/tools/ner/linking/class-use/AbstractLinking.html...
Generating /media/rspeck/store/GitRepos/FOX/release/demo/doc/org/aksw/fox/tools/ner/linking/class-use/ILinking.html...
Generating /media/rspeck/store/GitRepos/FOX/release/demo/doc/org/aksw/fox/tools/ner/linking/class-use/NoLinking.html...
Generating /media/rspeck/store/GitRepos/FOX/release/demo/doc/org/aksw/fox/tools/ner/linking/class-use/DirectLinking.html...
Generating /media/rspeck/store/GitRepos/FOX/release/demo/doc/org/aksw/fox/tools/ner/linking/de/class-use/AgdistisDE.html...
Generating /media/rspeck/store/GitRepos/FOX/release/demo/doc/org/aksw/fox/tools/ner/linking/en/class-use/AgdistisEN.html...
Generating /media/rspeck/store/GitRepos/FOX/release/demo/doc/org/aksw/fox/tools/ner/linking/common/class-use/Agdistis.html...
Generating /media/rspeck/store/GitRepos/FOX/release/demo/doc/org/aksw/fox/tools/ner/common/class-use/OpenNLPCommon.html...
Generating /media/rspeck/store/GitRepos/FOX/release/demo/doc/org/aksw/fox/tools/ner/common/class-use/BalieCommon.html...
Generating /media/rspeck/store/GitRepos/FOX/release/demo/doc/org/aksw/fox/tools/ner/common/class-use/TagMeCommon.html...
Generating /media/rspeck/store/GitRepos/FOX/release/demo/doc/org/aksw/fox/tools/ner/common/class-use/StanfordCommon.html...
Generating /media/rspeck/store/GitRepos/FOX/release/demo/doc/org/aksw/fox/tools/ner/common/class-use/AlchemyCommon.html...
Generating /media/rspeck/store/GitRepos/FOX/release/demo/doc/org/aksw/fox/tools/ner/common/class-use/WikipediaCategories.html...
Generating /media/rspeck/store/GitRepos/FOX/release/demo/doc/org/aksw/fox/tools/ner/common/class-use/SpotlightCommon.html...
Generating /media/rspeck/store/GitRepos/FOX/release/demo/doc/org/aksw/fox/utils/class-use/CfgManager.html...
Generating /media/rspeck/store/GitRepos/FOX/release/demo/doc/org/aksw/fox/utils/class-use/FoxServerUtil.html...
Generating /media/rspeck/store/GitRepos/FOX/release/demo/doc/org/aksw/fox/utils/class-use/DataTestFactory.html...
Generating /media/rspeck/store/GitRepos/FOX/release/demo/doc/org/aksw/fox/utils/class-use/FoxConst.html...
Generating /media/rspeck/store/GitRepos/FOX/release/demo/doc/org/aksw/fox/utils/class-use/FoxCfg.html...
Generating /media/rspeck/store/GitRepos/FOX/release/demo/doc/org/aksw/fox/utils/class-use/FileUtil.html...
Generating /media/rspeck/store/GitRepos/FOX/release/demo/doc/org/aksw/fox/utils/class-use/FoxTextUtil.html...
Generating /media/rspeck/store/GitRepos/FOX/release/demo/doc/org/aksw/fox/utils/class-use/Converter.html...
Generating /media/rspeck/store/GitRepos/FOX/release/demo/doc/org/aksw/fox/utils/class-use/FoxWebLog.html...
Generating /media/rspeck/store/GitRepos/FOX/release/demo/doc/org/aksw/fox/utils/class-use/FoxLanguageDetector.html...
Generating /media/rspeck/store/GitRepos/FOX/release/demo/doc/org/aksw/fox/utils/class-use/FoxStringUtil.html...
Generating /media/rspeck/store/GitRepos/FOX/release/demo/doc/org/aksw/fox/utils/tweets/class-use/Preprocessor.html...
Generating /media/rspeck/store/GitRepos/FOX/release/demo/doc/org/aksw/fox/utils/evaluation/entitiyBased/class-use/DetailCSV.html...
Generating /media/rspeck/store/GitRepos/FOX/release/demo/doc/org/aksw/fox/utils/evaluation/entitiyBased/class-use/TotalCSV.html...
Generating /media/rspeck/store/GitRepos/FOX/release/demo/doc/org/aksw/fox/utils/evaluation/class-use/MeanOverAll.html...
Generating /media/rspeck/store/GitRepos/FOX/release/demo/doc/org/aksw/fox/utils/evaluation/class-use/FoxEvaluationTestHelper.html...
Generating /media/rspeck/store/GitRepos/FOX/release/demo/doc/org/aksw/fox/utils/evaluation/class-use/FoxEvaluationHelper.html...
Generating /media/rspeck/store/GitRepos/FOX/release/demo/doc/org/aksw/fox/evaluation/class-use/CrossValidation.html...
Generating /media/rspeck/store/GitRepos/FOX/release/demo/doc/org/aksw/fox/output/class-use/CreateOnto.html...
Generating /media/rspeck/store/GitRepos/FOX/release/demo/doc/org/aksw/fox/output/class-use/IFoxJena.html...
Generating /media/rspeck/store/GitRepos/FOX/release/demo/doc/org/aksw/fox/output/class-use/FoxJena.html...
Generating /media/rspeck/store/GitRepos/FOX/release/demo/doc/org/aksw/fox/output/class-use/FoxJenaNew.html...
Generating /media/rspeck/store/GitRepos/FOX/release/demo/doc/org/aksw/fox/output/class-use/AFoxJenaNew.html...
Generating /media/rspeck/store/GitRepos/FOX/release/demo/doc/ca/uottawa/balie/package-use.html...
Generating /media/rspeck/store/GitRepos/FOX/release/demo/doc/org/aksw/fox/package-use.html...
Generating /media/rspeck/store/GitRepos/FOX/release/demo/doc/org/aksw/fox/data/package-use.html...
Generating /media/rspeck/store/GitRepos/FOX/release/demo/doc/org/aksw/fox/data/exception/package-use.html...
Generating /media/rspeck/store/GitRepos/FOX/release/demo/doc/org/aksw/fox/evaluation/package-use.html...
Generating /media/rspeck/store/GitRepos/FOX/release/demo/doc/org/aksw/fox/nerlearner/package-use.html...
Generating /media/rspeck/store/GitRepos/FOX/release/demo/doc/org/aksw/fox/nerlearner/classifier/package-use.html...
Generating /media/rspeck/store/GitRepos/FOX/release/demo/doc/org/aksw/fox/nerlearner/reader/package-use.html...
Generating /media/rspeck/store/GitRepos/FOX/release/demo/doc/org/aksw/fox/output/package-use.html...
Generating /media/rspeck/store/GitRepos/FOX/release/demo/doc/org/aksw/fox/tools/package-use.html...
Generating /media/rspeck/store/GitRepos/FOX/release/demo/doc/org/aksw/fox/tools/ke/package-use.html...
Generating /media/rspeck/store/GitRepos/FOX/release/demo/doc/org/aksw/fox/tools/ner/package-use.html...
Generating /media/rspeck/store/GitRepos/FOX/release/demo/doc/org/aksw/fox/tools/ner/common/package-use.html...
Generating /media/rspeck/store/GitRepos/FOX/release/demo/doc/org/aksw/fox/tools/ner/de/package-use.html...
Generating /media/rspeck/store/GitRepos/FOX/release/demo/doc/org/aksw/fox/tools/ner/en/package-use.html...
Generating /media/rspeck/store/GitRepos/FOX/release/demo/doc/org/aksw/fox/tools/ner/es/package-use.html...
Generating /media/rspeck/store/GitRepos/FOX/release/demo/doc/org/aksw/fox/tools/ner/fr/package-use.html...
Generating /media/rspeck/store/GitRepos/FOX/release/demo/doc/org/aksw/fox/tools/ner/it/package-use.html...
Generating /media/rspeck/store/GitRepos/FOX/release/demo/doc/org/aksw/fox/tools/ner/linking/package-use.html...
Generating /media/rspeck/store/GitRepos/FOX/release/demo/doc/org/aksw/fox/tools/ner/linking/common/package-use.html...
Generating /media/rspeck/store/GitRepos/FOX/release/demo/doc/org/aksw/fox/tools/ner/linking/de/package-use.html...
Generating /media/rspeck/store/GitRepos/FOX/release/demo/doc/org/aksw/fox/tools/ner/linking/en/package-use.html...
Generating /media/rspeck/store/GitRepos/FOX/release/demo/doc/org/aksw/fox/tools/ner/nl/package-use.html...
Generating /media/rspeck/store/GitRepos/FOX/release/demo/doc/org/aksw/fox/tools/re/package-use.html...
Generating /media/rspeck/store/GitRepos/FOX/release/demo/doc/org/aksw/fox/tools/re/common/boa/package-use.html...
Generating /media/rspeck/store/GitRepos/FOX/release/demo/doc/org/aksw/fox/tools/re/de/package-use.html...
Generating /media/rspeck/store/GitRepos/FOX/release/demo/doc/org/aksw/fox/tools/re/en/package-use.html...
Generating /media/rspeck/store/GitRepos/FOX/release/demo/doc/org/aksw/fox/tools/re/fr/package-use.html...
Generating /media/rspeck/store/GitRepos/FOX/release/demo/doc/org/aksw/fox/ui/package-use.html...
Generating /media/rspeck/store/GitRepos/FOX/release/demo/doc/org/aksw/fox/utils/package-use.html...
Generating /media/rspeck/store/GitRepos/FOX/release/demo/doc/org/aksw/fox/utils/evaluation/package-use.html...
Generating /media/rspeck/store/GitRepos/FOX/release/demo/doc/org/aksw/fox/utils/evaluation/entitiyBased/package-use.html...
Generating /media/rspeck/store/GitRepos/FOX/release/demo/doc/org/aksw/fox/utils/tweets/package-use.html...
Generating /media/rspeck/store/GitRepos/FOX/release/demo/doc/org/aksw/fox/web/package-use.html...
Generating /media/rspeck/store/GitRepos/FOX/release/demo/doc/org/aksw/fox/web/feedback/package-use.html...
Building index for all the packages and classes...
Generating /media/rspeck/store/GitRepos/FOX/release/demo/doc/overview-tree.html...
Generating /media/rspeck/store/GitRepos/FOX/release/demo/doc/index-all.html...
Generating /media/rspeck/store/GitRepos/FOX/release/demo/doc/deprecated-list.html...
Building index for all classes...
Generating /media/rspeck/store/GitRepos/FOX/release/demo/doc/allclasses-frame.html...
Generating /media/rspeck/store/GitRepos/FOX/release/demo/doc/allclasses-noframe.html...
Generating /media/rspeck/store/GitRepos/FOX/release/demo/doc/index.html...
Generating /media/rspeck/store/GitRepos/FOX/release/demo/doc/overview-summary.html...
Generating /media/rspeck/store/GitRepos/FOX/release/demo/doc/help-doc.html...
UmlGraphDoc version R5_6, altering javadocs
Building Package view for package ca.uottawa.balie
Warning, could not find a line that matches the pattern '.*</[Hh]2>.*'.
 Class diagram reference not inserted
Building Package view for package org.aksw.fox.nerlearner.classifier
Warning, could not find a line that matches the pattern '.*</[Hh]2>.*'.
 Class diagram reference not inserted
Building Package view for package org.aksw.fox.nerlearner
Building Package view for package org.aksw.fox.nerlearner.reader
Building Package view for package org.aksw.fox
Building Package view for package org.aksw.fox.ui
Warning, could not find a line that matches the pattern '.*</[Hh]2>.*'.
 Class diagram reference not inserted
Building Package view for package org.aksw.fox.web
Building Package view for package org.aksw.fox.web.feedback
Warning, could not find a line that matches the pattern '.*</[Hh]2>.*'.
 Class diagram reference not inserted
Building Package view for package org.aksw.fox.data
Building Package view for package org.aksw.fox.data.exception
Warning, could not find a line that matches the pattern '.*</[Hh]2>.*'.
 Class diagram reference not inserted
Building Package view for package org.aksw.fox.tools
Warning, could not find a line that matches the pattern '.*</[Hh]2>.*'.
 Class diagram reference not inserted
Building Package view for package org.aksw.fox.tools.re.fr
Warning, could not find a line that matches the pattern '.*</[Hh]2>.*'.
 Class diagram reference not inserted
Building Package view for package org.aksw.fox.tools.re
Warning, could not find a line that matches the pattern '.*</[Hh]2>.*'.
 Class diagram reference not inserted
Building Package view for package org.aksw.fox.tools.re.de
Warning, could not find a line that matches the pattern '.*</[Hh]2>.*'.
 Class diagram reference not inserted
Building Package view for package org.aksw.fox.tools.re.en
Warning, could not find a line that matches the pattern '.*</[Hh]2>.*'.
 Class diagram reference not inserted
Building Package view for package org.aksw.fox.tools.re.common.boa
Warning, could not find a line that matches the pattern '.*</[Hh]2>.*'.
 Class diagram reference not inserted
Building Package view for package org.aksw.fox.tools.ke
Warning, could not find a line that matches the pattern '.*</[Hh]2>.*'.
 Class diagram reference not inserted
Building Package view for package org.aksw.fox.tools.ner
Building Package view for package org.aksw.fox.tools.ner.nl
Warning, could not find a line that matches the pattern '.*</[Hh]2>.*'.
 Class diagram reference not inserted
Building Package view for package org.aksw.fox.tools.ner.fr
Warning, could not find a line that matches the pattern '.*</[Hh]2>.*'.
 Class diagram reference not inserted
Building Package view for package org.aksw.fox.tools.ner.es
Warning, could not find a line that matches the pattern '.*</[Hh]2>.*'.
 Class diagram reference not inserted
Building Package view for package org.aksw.fox.tools.ner.de
Warning, could not find a line that matches the pattern '.*</[Hh]2>.*'.
 Class diagram reference not inserted
Building Package view for package org.aksw.fox.tools.ner.en
Warning, could not find a line that matches the pattern '.*</[Hh]2>.*'.
 Class diagram reference not inserted
Building Package view for package org.aksw.fox.tools.ner.it
Warning, could not find a line that matches the pattern '.*</[Hh]2>.*'.
 Class diagram reference not inserted
Building Package view for package org.aksw.fox.tools.ner.linking
Warning, could not find a line that matches the pattern '.*</[Hh]2>.*'.
 Class diagram reference not inserted
Building Package view for package org.aksw.fox.tools.ner.linking.de
Warning, could not find a line that matches the pattern '.*</[Hh]2>.*'.
 Class diagram reference not inserted
Building Package view for package org.aksw.fox.tools.ner.linking.en
Warning, could not find a line that matches the pattern '.*</[Hh]2>.*'.
 Class diagram reference not inserted
Building Package view for package org.aksw.fox.tools.ner.linking.common
Warning, could not find a line that matches the pattern '.*</[Hh]2>.*'.
 Class diagram reference not inserted
Building Package view for package org.aksw.fox.tools.ner.common
Warning, could not find a line that matches the pattern '.*</[Hh]2>.*'.
 Class diagram reference not inserted
Building Package view for package org.aksw.fox.utils
Building Package view for package org.aksw.fox.utils.tweets
Warning, could not find a line that matches the pattern '.*</[Hh]2>.*'.
 Class diagram reference not inserted
Building Package view for package org.aksw.fox.utils.evaluation.entitiyBased
Warning, could not find a line that matches the pattern '.*</[Hh]2>.*'.
 Class diagram reference not inserted
Building Package view for package org.aksw.fox.utils.evaluation
Warning, could not find a line that matches the pattern '.*</[Hh]2>.*'.
 Class diagram reference not inserted
Building Package view for package org.aksw.fox.evaluation
Warning, could not find a line that matches the pattern '.*</[Hh]2>.*'.
 Class diagram reference not inserted
Building Package view for package org.aksw.fox.output
Warning, could not find a line that matches the pattern '.*</[Hh]2>.*'.
 Class diagram reference not inserted
Building Context view for class org.aksw.fox.tools.re.common.boa.ABoaIndex
Building Context view for class org.aksw.fox.output.AFoxJenaNew
Building Context view for class org.aksw.fox.nerlearner.reader.ANERReader
Building Context view for class org.aksw.fox.web.AbstractFoxHttpHandler
Building Context view for class org.aksw.fox.tools.ke.AbstractKE
Building Context view for class org.aksw.fox.tools.ner.linking.AbstractLinking
Building Context view for class org.aksw.fox.tools.ner.AbstractNER
Building Context view for class org.aksw.fox.tools.re.AbstractRE
Building Context view for class org.aksw.fox.tools.ner.linking.common.Agdistis
Building Context view for class org.aksw.fox.tools.ner.linking.de.AgdistisDE
Building Context view for class org.aksw.fox.tools.ner.linking.en.AgdistisEN
Building Context view for class org.aksw.fox.tools.ner.common.AlchemyCommon
Building Context view for class org.aksw.fox.tools.ner.en.AlchemyEN
Building Context view for class org.aksw.fox.web.ApiResource
Building Context view for class org.aksw.fox.tools.ner.common.BalieCommon
Building Context view for class org.aksw.fox.tools.ner.de.BalieDE
Building Context view for class org.aksw.fox.tools.ner.en.BalieEN
Building Context view for class org.aksw.fox.tools.ner.es.BalieES
Building Context view for class org.aksw.fox.tools.ner.fr.BalieFR
Building Context view for class org.aksw.fox.nerlearner.reader.BioCorpora
Building Context view for class org.aksw.fox.tools.re.de.BoaDE
Building Context view for class org.aksw.fox.tools.re.en.BoaEN
Building Context view for class org.aksw.fox.tools.re.common.boa.BoaEnum
Building Context view for class org.aksw.fox.tools.re.fr.BoaFR
Building Context view for class org.aksw.fox.tools.re.common.boa.BoaPattern
Building Context view for class org.aksw.fox.utils.CfgManager
Building Context view for class org.aksw.fox.nerlearner.classifier.ClassVoteClassifier
Building Context view for class org.aksw.fox.nerlearner.reader.Conll2002
Building Context view for class org.aksw.fox.utils.Converter
Building Context view for class org.aksw.fox.output.CreateOnto
Building Context view for class org.aksw.fox.evaluation.CrossValidation
Building Context view for class org.aksw.fox.utils.DataTestFactory
Building Context view for class org.aksw.fox.utils.evaluation.entitiyBased.DetailCSV
Building Context view for class org.aksw.fox.tools.ner.linking.DirectLinking
Building Context view for class org.aksw.fox.data.Entity
Building Context view for class org.aksw.fox.data.EntityClassMap
Building Context view for class org.aksw.fox.web.ErrorPages
Building Context view for class org.aksw.fox.Example
Building Context view for class org.aksw.fox.web.feedback.FeedbackDB
Building Context view for class org.aksw.fox.web.feedback.FeedbackHttpHandler
Building Context view for class org.aksw.fox.web.feedback.FeedbackStore
Building Context view for class org.aksw.fox.utils.FileUtil
Building Context view for class org.aksw.fox.Fox
Building Context view for class org.aksw.fox.ui.FoxCLI
Building Context view for class org.aksw.fox.utils.FoxCfg
Building Context view for class org.aksw.fox.nerlearner.FoxClassifier
Building Context view for class org.aksw.fox.nerlearner.FoxClassifierFactory
Building Context view for class org.aksw.fox.utils.FoxConst
Building Context view for class org.aksw.fox.utils.evaluation.FoxEvaluationHelper
Building Context view for class org.aksw.fox.utils.evaluation.FoxEvaluationTestHelper
Building Context view for class org.aksw.fox.web.FoxHttpHandler
Building Context view for class org.aksw.fox.nerlearner.reader.FoxInstances
Building Context view for class org.aksw.fox.output.FoxJena
Building Context view for class org.aksw.fox.output.FoxJenaNew
Building Context view for class org.aksw.fox.utils.FoxLanguageDetector
Building Context view for class org.aksw.fox.FoxParameter
Building Context view for class org.aksw.fox.FoxParameter.FoxLight
Building Context view for class org.aksw.fox.FoxParameter.Langs
Building Context view for class org.aksw.fox.FoxParameter.Linking
Building Context view for class org.aksw.fox.FoxParameter.NIF
Building Context view for class org.aksw.fox.FoxParameter.Output
Building Context view for class org.aksw.fox.FoxParameter.Parameter
Building Context view for class org.aksw.fox.FoxParameter.Task
Building Context view for class org.aksw.fox.FoxParameter.Type
Building Context view for class org.aksw.fox.ui.FoxRESTful
Building Context view for class org.aksw.fox.tools.re.FoxRETools
Building Context view for class org.aksw.fox.utils.FoxServerUtil
Building Context view for class org.aksw.fox.utils.FoxStringUtil
Building Context view for class org.aksw.fox.utils.FoxTextUtil
Building Context view for class org.aksw.fox.nerlearner.classifier.FoxVote
Building Context view for class org.aksw.fox.utils.FoxWebLog
Building Context view for class org.aksw.fox.nerlearner.reader.GermanNERCorpus
Building Context view for class org.aksw.fox.web.HttpServerProbeRequestMonitoring
Building Context view for class org.aksw.fox.data.IData
Building Context view for class org.aksw.fox.IFox
Building Context view for class org.aksw.fox.output.IFoxJena
Building Context view for class org.aksw.fox.tools.ke.IKE
Building Context view for class org.aksw.fox.tools.ner.linking.ILinking
Building Context view for class org.aksw.fox.tools.ner.INER
Building Context view for class org.aksw.fox.nerlearner.reader.INERReader
Building Context view for class org.aksw.fox.nerlearner.IPostProcessing
Building Context view for class org.aksw.fox.tools.re.IRE
Building Context view for class org.aksw.fox.tools.ITool
Building Context view for class org.aksw.fox.tools.ner.en.IllinoisExtendedEN
Building Context view for class org.aksw.fox.data.Keyword
Building Context view for class org.aksw.fox.data.exception.LoadingNotPossibleException
Building Context view for class org.aksw.fox.tools.ke.Maui
Building Context view for class org.aksw.fox.utils.evaluation.MeanOverAll
Building Context view for class org.aksw.fox.nerlearner.reader.NEEL2014Reader
Building Context view for class org.aksw.fox.nerlearner.reader.NERReaderFactory
Building Context view for class ca.uottawa.balie.NamedEntityRecognitionNerfEXT
Building Context view for class org.aksw.fox.tools.ner.fr.NercFR
Building Context view for class org.aksw.fox.tools.ner.en.NerdMLEN
Building Context view for class org.aksw.fox.tools.ner.fr.NerdMLFR
Building Context view for class org.aksw.fox.tools.ner.linking.NoLinking
Building Context view for class org.aksw.fox.tools.ner.common.OpenNLPCommon
Building Context view for class org.aksw.fox.tools.ner.en.OpenNLPEN
Building Context view for class org.aksw.fox.tools.ner.es.OpenNLPES
Building Context view for class org.aksw.fox.tools.ner.fr.OpenNLPFR
Building Context view for class org.aksw.fox.tools.ner.nl.OpenNLPNL
Building Context view for class org.aksw.fox.web.Pool<T>
Building Context view for class org.aksw.fox.data.exception.PortInUseException
Building Context view for class org.aksw.fox.nerlearner.PostProcessing
Building Context view for class org.aksw.fox.utils.tweets.Preprocessor
Building Context view for class org.aksw.fox.tools.re.en.REStanford
Building Context view for class org.aksw.fox.tools.re.en.REStanford.StanfordRelations
Building Context view for class org.aksw.fox.data.Relation
Building Context view for class org.aksw.fox.nerlearner.classifier.ResultVoteClassifier
Building Context view for class org.aksw.fox.web.Server
Building Context view for class org.aksw.fox.tools.ner.common.SpotlightCommon
Building Context view for class org.aksw.fox.tools.ner.de.SpotlightDE
Building Context view for class org.aksw.fox.tools.ner.en.SpotlightEN
Building Context view for class org.aksw.fox.tools.ner.es.SpotlightES
Building Context view for class org.aksw.fox.tools.ner.fr.SpotlightFR
Building Context view for class org.aksw.fox.tools.ner.it.SpotlightIT
Building Context view for class org.aksw.fox.tools.ner.nl.SpotlightNL
Building Context view for class org.aksw.fox.tools.ner.common.StanfordCommon
Building Context view for class org.aksw.fox.tools.ner.de.StanfordDE
Building Context view for class org.aksw.fox.tools.ner.en.StanfordEN
Building Context view for class org.aksw.fox.tools.ner.en.StanfordENOldVersion
Building Context view for class org.aksw.fox.tools.ner.es.StanfordES
Building Context view for class org.aksw.fox.tools.ner.common.TagMeCommon
Building Context view for class org.aksw.fox.tools.ner.en.TagMeEN
Building Context view for class org.aksw.fox.tools.ner.it.TagMeIT
Building Context view for class org.aksw.fox.tools.ner.it.TextProIT
Building Context view for class org.aksw.fox.data.TokenCategoryMatrix
Building Context view for class org.aksw.fox.data.TokenManager
Building Context view for class org.aksw.fox.tools.Tools
Building Context view for class org.aksw.fox.tools.ToolsGenerator
Building Context view for class org.aksw.fox.utils.evaluation.entitiyBased.TotalCSV
Building Context view for class org.aksw.fox.nerlearner.reader.TrainingInputReader
Building Context view for class org.aksw.fox.data.exception.UnsupportedLangException
Building Context view for class org.aksw.fox.nerlearner.reader.WikinerReader
Building Context view for class org.aksw.fox.tools.ner.common.WikipediaCategories
Building Context view for class org.aksw.fox.tools.ke.Yahooapis
51 warnings
[WARNING] Javadoc Warnings
[WARNING] Picked up JAVA_TOOL_OPTIONS: -Xmx12G
[WARNING] /media/rspeck/store/GitRepos/FOX/src/main/java/org/aksw/fox/nerlearner/FoxClassifier.java:80: warning - @param argument "oracel" is not a parameter name.
[WARNING] /media/rspeck/store/GitRepos/FOX/src/main/java/org/aksw/fox/nerlearner/FoxClassifier.java:97: warning - @param argument "classifier" is not a parameter name.
[WARNING] /media/rspeck/store/GitRepos/FOX/src/main/java/org/aksw/fox/nerlearner/FoxClassifier.java:131: warning - @param argument "sentence" is not a parameter name.
[WARNING] /media/rspeck/store/GitRepos/FOX/src/main/java/org/aksw/fox/nerlearner/FoxClassifier.java:131: warning - @param argument "toolResults" is not a parameter name.
[WARNING] /media/rspeck/store/GitRepos/FOX/src/main/java/org/aksw/fox/nerlearner/FoxClassifier.java:164: warning - @param argument "files" is not a parameter name.
[WARNING] /media/rspeck/store/GitRepos/FOX/src/main/java/org/aksw/fox/nerlearner/IPostProcessing.java:16: warning - @return tag has no arguments.
[WARNING] /media/rspeck/store/GitRepos/FOX/src/main/java/org/aksw/fox/nerlearner/IPostProcessing.java:45: warning - @return tag has no arguments.
[WARNING] /media/rspeck/store/GitRepos/FOX/src/main/java/org/aksw/fox/nerlearner/PostProcessing.java:64: warning - @return tag has no arguments.
[WARNING] /media/rspeck/store/GitRepos/FOX/src/main/java/org/aksw/fox/nerlearner/PostProcessing.java:75: warning - @return tag has no arguments.
[WARNING] /media/rspeck/store/GitRepos/FOX/src/main/java/org/aksw/fox/nerlearner/PostProcessing.java:132: warning - @return tag has no arguments.
[WARNING] /media/rspeck/store/GitRepos/FOX/src/main/java/org/aksw/fox/nerlearner/PostProcessing.java:45: warning - @param argument "input" is not a parameter name.
[WARNING] /media/rspeck/store/GitRepos/FOX/src/main/java/org/aksw/fox/nerlearner/reader/FoxInstances.java:48: warning - @param argument "input" is not a parameter name.
[WARNING] /media/rspeck/store/GitRepos/FOX/src/main/java/org/aksw/fox/nerlearner/reader/FoxInstances.java:48: warning - @param argument "oracel" is not a parameter name.
[WARNING] /media/rspeck/store/GitRepos/FOX/src/main/java/org/aksw/fox/nerlearner/reader/FoxInstances.java:150: warning - @param argument "input" is not a parameter name.
[WARNING] /media/rspeck/store/GitRepos/FOX/src/main/java/org/aksw/fox/nerlearner/reader/TrainingInputReader.java:127: warning - @return tag has no arguments.
[WARNING] /media/rspeck/store/GitRepos/FOX/src/main/java/org/aksw/fox/nerlearner/reader/TrainingInputReader.java:266: warning - @return tag has no arguments.
[WARNING] /media/rspeck/store/GitRepos/FOX/src/main/java/org/aksw/fox/web/AbstractFoxHttpHandler.java:218: warning - @param argument "text" is not a parameter name.
[WARNING] /media/rspeck/store/GitRepos/FOX/src/main/java/org/aksw/fox/web/Pool.java:97: warning - @return tag has no arguments.
[WARNING] /media/rspeck/store/GitRepos/FOX/src/main/java/org/aksw/fox/web/Pool.java:121: warning - @param argument "className" is not a parameter name.
[WARNING] /media/rspeck/store/GitRepos/FOX/src/main/java/org/aksw/fox/web/Server.java:78: warning - @param argument "port" is not a parameter name.
[WARNING] /media/rspeck/store/GitRepos/FOX/src/main/java/org/aksw/fox/web/feedback/FeedbackHttpHandler.java:364: warning - @param argument "in" is not a parameter name.
[WARNING] /media/rspeck/store/GitRepos/FOX/src/main/java/org/aksw/fox/web/feedback/FeedbackHttpHandler.java:383: warning - @param argument "text" is not a parameter name.
[WARNING] /media/rspeck/store/GitRepos/FOX/src/main/java/org/aksw/fox/web/feedback/FeedbackStore.java:72: warning - @param argument "parameter" is not a parameter name.
[WARNING] /media/rspeck/store/GitRepos/FOX/src/main/java/org/aksw/fox/data/EntityClassMap.java:16: warning - Tag @link: can't find M in org.aksw.fox.data.EntityClassMap
[WARNING] /media/rspeck/store/GitRepos/FOX/src/main/java/org/aksw/fox/tools/ToolsGenerator.java:87: warning - @return tag has no arguments.
[WARNING] /media/rspeck/store/GitRepos/FOX/src/main/java/org/aksw/fox/tools/ToolsGenerator.java:104: warning - @return tag has no arguments.
[WARNING] /media/rspeck/store/GitRepos/FOX/src/main/java/org/aksw/fox/tools/re/IRE.java:29: warning - @param argument "text" is not a parameter name.
[WARNING] /media/rspeck/store/GitRepos/FOX/src/main/java/org/aksw/fox/tools/re/en/REStanford.java:119: warning - @return tag has no arguments.
[WARNING] /media/rspeck/store/GitRepos/FOX/src/main/java/org/aksw/fox/tools/re/common/boa/ABoaIndex.java:105: warning - @param argument "file" is not a parameter name.
[WARNING] /media/rspeck/store/GitRepos/FOX/src/main/java/org/aksw/fox/tools/re/common/boa/ABoaIndex.java:149: warning - @param argument "sType" is not a parameter name.
[WARNING] /media/rspeck/store/GitRepos/FOX/src/main/java/org/aksw/fox/tools/re/common/boa/ABoaIndex.java:149: warning - @param argument "oType" is not a parameter name.
[WARNING] /media/rspeck/store/GitRepos/FOX/src/main/java/org/aksw/fox/tools/re/common/boa/BoaPattern.java:66: warning - @return tag has no arguments.
[WARNING] /media/rspeck/store/GitRepos/FOX/src/main/java/org/aksw/fox/tools/ke/AbstractKE.java:88: warning - @return tag has no arguments.
[WARNING] /media/rspeck/store/GitRepos/FOX/src/main/java/org/aksw/fox/tools/ner/AbstractNER.java:86: warning - @return tag has no arguments.
[WARNING] /media/rspeck/store/GitRepos/FOX/src/main/java/org/aksw/fox/tools/ner/AbstractNER.java:97: warning - @return tag has no arguments.
[WARNING] /media/rspeck/store/GitRepos/FOX/src/main/java/org/aksw/fox/tools/ner/it/TextProIT.java:104: warning - @return tag has no arguments.
[WARNING] /media/rspeck/store/GitRepos/FOX/src/main/java/org/aksw/fox/tools/ner/it/TextProIT.java:154: warning - @return tag has no arguments.
[WARNING] /media/rspeck/store/GitRepos/FOX/src/main/java/org/aksw/fox/utils/CfgManager.java:19: warning - @return tag has no arguments.
[WARNING] /media/rspeck/store/GitRepos/FOX/src/main/java/org/aksw/fox/utils/CfgManager.java:41: warning - @return tag has no arguments.
[WARNING] /media/rspeck/store/GitRepos/FOX/src/main/java/org/aksw/fox/utils/CfgManager.java:41: warning - @param argument "className" is not a parameter name.
[WARNING] /media/rspeck/store/GitRepos/FOX/src/main/java/org/aksw/fox/utils/Converter.java:27: warning - @return tag has no arguments.
[WARNING] /media/rspeck/store/GitRepos/FOX/src/main/java/org/aksw/fox/utils/Converter.java:42: warning - @return tag has no arguments.
[WARNING] /media/rspeck/store/GitRepos/FOX/src/main/java/org/aksw/fox/utils/FileUtil.java:68: warning - @return tag has no arguments.
[WARNING] /media/rspeck/store/GitRepos/FOX/src/main/java/org/aksw/fox/utils/FoxTextUtil.java:84: warning - @return tag has no arguments.
[WARNING] /media/rspeck/store/GitRepos/FOX/src/main/java/org/aksw/fox/utils/FoxWebLog.java:51: warning - @return tag has no arguments.
[WARNING] /media/rspeck/store/GitRepos/FOX/src/main/java/org/aksw/fox/utils/evaluation/FoxEvaluationHelper.java:589: warning - @return tag has no arguments.
[WARNING] /media/rspeck/store/GitRepos/FOX/src/main/java/org/aksw/fox/utils/evaluation/FoxEvaluationHelper.java:605: warning - @return tag has no arguments.
[WARNING] /media/rspeck/store/GitRepos/FOX/src/main/java/org/aksw/fox/output/FoxJena.java:258: warning - @param argument "wholeText" is not a parameter name.
[WARNING] /media/rspeck/store/GitRepos/FOX/src/main/java/org/aksw/fox/output/FoxJenaNew.java:78: warning - @return tag has no arguments.
[WARNING] /media/rspeck/store/GitRepos/FOX/src/main/java/org/aksw/fox/output/FoxJenaNew.java:78: warning - @param argument "name" is not a parameter name.
[WARNING] /media/rspeck/store/GitRepos/FOX/src/main/java/org/aksw/fox/output/FoxJenaNew.java:78: warning - @param argument "verion" is not a parameter name.
[WARNING] Unable to access the package-list file at /media/rspeck/store/GitRepos/FOX/release/javadoc-bundle-options/
[WARNING] Unable to access the package-list file at /media/rspeck/store/GitRepos/FOX/release/javadoc-bundle-options/
[WARNING] Unable to access the package-list file at /media/rspeck/store/GitRepos/FOX/release/javadoc-bundle-options/
[INFO] ------------------------------------------------------------------------
[INFO] BUILD SUCCESS
[INFO] ------------------------------------------------------------------------
[INFO] Total time: 13.351s
[INFO] Finished at: Thu May 18 18:01:35 CEST 2017
[INFO] Final Memory: 39M/427M
[INFO] ------------------------------------------------------------------------
