ALABAMA
ALASKA
ARIZONA
ARKANSAS
CALIFORNIA
COLORADO
CONNECTICUT
DELAWARE
DISTRICT OF COLUMBIA
District of Columbia
FLORIDA
GEORGIA
HAWAII
IDAHO
ILLINOIS
INDIANA
IOWA
KANSAS
KENTUCKY
LOUISIANA
MAINE
MARYLAND
MASSACHUSETTS
MICHIGAN
MINNESOTA
MISSISSIPPI
MISSOURI
MONTANA
NEBRASKA
NEVADA
NEW HAMPSHIRE
NEW JERSEY
NEW MEXICO
NEW YORK
NORTH CAROLINA
NORTH DAKOTA
OHIO
OKLAHOMA
OREGON
PENNSYLVANIA
RHODE ISLAND
SOUTH CAROLINA
SOUTH DAKOTA
TENNESSEE
TEXAS
UTAH
VERMONT
VIRGINIA
WASHINGTON
WEST VIRGINIA
WISCONSIN
WYOMING
Alabama
Alaska
Arizona
Arkansas
California
Colorado
Connecticut
Conn.
Delaware
Florida
Georgia
Hawaii
Idaho
Illinois
Indiana
Iowa
Kansas
Kentucky
Louisiana
Maine
Maryland
Massachusetts
Michigan
Minnesota
Mississippi
Missouri
Montana
Nebraska
Nevada
New Hampshire
New Jersey
New Mexico
New York
North Carolina
North Dakota
Ohio
Oklahoma
Oregon
Ore.
Pennsylvania
Rhode Island
South Carolina
South Dakota
Tennessee
Texas
Utah
Vermont
Virginia
Washington
Washington DC
West Virginia
Wisconsin
Wyoming
Puerto Rico
FEDERATED STATES OF MICRONESIA
Federated States of Micronesia
AL
AK
AZ
AR
CA
CO
CT
DE
DC
FL
GA
HI
ID
IL
IN
IA
KS
KY
LA
ME
MD
MA
MI
MN
MS
MO
MT
NE
NV
NH
NJ
NM
NY
NC
ND
OH
OK
OR
PA
PR
RI
SC
SD
TN
TX
UT
VT
VA
WA
WV
WI
WY
AB
Al
Ak
Az
Ar
Ca
Co
Ct
De
Dc
Fl
Ga
Hi
Id
Il
In
Ia
Ks
Ky
La
Me
Md
Ma
Mi
Mn
Ms
Mo
Mt
Ne
Nv
Nh
Nj
Nm
Ny
Nc
Nd
Oh
Ok
Or
Pa
Pr
Ri
Sc
Sd
Tn
Tx
Ut
Vt
Va
Wa
Wv
Wi
Wy
Al.
Ak.
Az.
Ar.
Ca.
Co.
Ct.
De.
Dc.
Fl.
Ga.
Hi.
Id.
Il.
In.
Ia.
Ks.
Ky.
La.
Me.
Md.
Ma.
Mi.
Mn.
Ms.
Mo.
Mt.
Ne.
Nv.
Nh.
Nj.
Nm.
Ny.
Nc.
Nd.
Oh.
Ok.
Or.
Pa.
Pr.
Ri.
Sc.
Sd.
Tn.
Tx.
Ut.
Vt.
Va.
Wa.
Wv.
Wi.
Wy.
Alberta
NF
Newfoundland
PE
Prince Edward
BC
British Columbia
NS
Nova Scotia
QB
Quebec
MB
Manitoba
NT
Northwest Terr.
SK
Sasketchewan
NB
New Brunswick
NU
Nunavut
YK
Yukon
ON
Ontario
Ariz.
Del.
I.Terr.
I. Terr.
Md.
Mont.
N.Y.
N. Y.
Vt.
Va.
Neb.
Ark.
Geo.
Kan.
Mich.
N.Dak.
S.Dak.
N. Dak.
S. Dak.
Wash.
Calif.
Ky.
Minn.
N.H.
N. H.
O.
Tenn.
D.C.
D. C.
Col.
Ill.
Miss.
N.J.
N. J.
Tex.
W.V.
W. V.
W.Vir.
W. Vir.
Wisc.
U. Terr.
Penna.
N.Mex.
N. Mex.
Me.
Ind.
ALABAMA.
ALASKA.
ARIZONA.
ARKANSAS.
CALIFORNIA.
COLORADO.
CONNECTICUT.
DELAWARE.
DISTRICT OF COLUMBIA.
District of Columbia.
FLORIDA.
GEORGIA.
HAWAII.
IDAHO.
ILLINOIS.
INDIANA.
IOWA.
KANSAS.
KENTUCKY.
LOUISIANA.
MAINE.
MARYLAND.
MASSACHUSETTS.
MICHIGAN.
MINNESOTA.
MISSISSIPPI.
MISSOURI.
MONTANA.
NEBRASKA.
NEVADA.
NEW HAMPSHIRE.
NEW JERSEY.
NEW MEXICO.
NEW YORK.
NORTH CAROLINA.
NORTH DAKOTA.
OHIO.
OKLAHOMA.
OREGON.
PENNSYLVANIA.
RHODE ISLAND.
SOUTH CAROLINA.
SOUTH DAKOTA.
TENNESSEE.
TEXAS.
UTAH.
VERMONT.
VIRGINIA.
WASHINGTON.
WEST VIRGINIA.
WISCONSIN.
WYOMING.
Alabama.
Alaska.
Arizona.
Arkansas.
California.
Colorado.
Connecticut.
Delaware.
Florida.
Georgia.
Hawaii.
Idaho.
Illinois.
Indiana.
Iowa.
Kansas.
Kentucky.
Louisiana.
Maine.
Maryland.
Massachusetts.
Michigan.
Minnesota.
Mississippi.
Missouri.
Montana.
Nebraska.
Nevada.
New Hampshire.
New Jersey.
New Mexico.
New York.
North Carolina.
North Dakota.
Ohio.
Oklahoma.
Oregon.
Pennsylvania.
Rhode Island.
South Carolina.
South Dakota.
Tennessee.
Texas.
Utah.
Vermont.
Virginia.
Washington.
Washington DC.
West Virginia.
Wisconsin.
Wyoming.
Puerto Rico.
FEDERATED STATES OF MICRONESIA.
Federated States of Micronesia.
AL.
AK.
AZ.
AR.
CA.
CO.
CT.
DE.
DC.
FL.
GA.
HI.
ID.
IL.
IN.
IA.
KS.
KY.
LA.
ME.
MD.
MA.
MI.
MN.
MS.
MO.
MT.
NE.
NV.
NH.
NJ.
NM.
NY.
NC.
ND.
OH.
OK.
OR.
PA.
PR.
RI.
SC.
SD.
TN.
TX.
UT.
VT.
VA.
WA.
WV.
WI.
WY.
AB.
Alberta.
NF.
Newfoundland.
PE.
Prince Edward.
BC.
British Columbia.
NS.
Nova Scotia.
QB.
Quebec.
MB.
Manitoba.
NT.
Northwest Terr..
SK.
Sasketchewan.
NB.
New Brunswick.
NU.
Nunavut.
YK.
Yukon.
ON.
Ontario.
Ariz..
Del..
I.Terr..
I. Terr..
Md..
Mont..
N.Y..
N. Y..
Vt..
Va..
Neb..
Ark..
Geo..
Kan..
Mich..
N.Dak..
S.Dak..
N. Dak..
S. Dak..
Wash..
Calif..
Ky..
Minn..
N.H..
N. H..
O..
Tenn..
D.C..
D. C..
Col..
Ill..
Miss..
N.J..
N. J..
Tex..
W.V..
W. V..
W.Vir..
W. Vir..
Wisc..
U. Terr..
Penna..
N.Mex..
N. Mex..
Me..
Ind..
